<?xml version="1.0" encoding="UTF-8"?>
<!-- Generated by org.testng.reporters.JUnitReportReporter -->
<testsuite hostname="P2908-W10" failures="0" tests="1" name="tests.TestControlesOperativos" time="14.238" errors="0" timestamp="2021-10-14T09:43:02 CEST" skipped="0">
  <testcase classname="tests.TestControlesOperativos" name="actualizar" time="14.238"/>
  <system-out/>
</testsuite> <!-- tests.TestControlesOperativos -->
