<?xml version="1.0" encoding="UTF-8"?>
<!-- Generated by org.testng.reporters.JUnitReportReporter -->
<testsuite hostname="P2908-W10" failures="0" tests="1" name="tests.TestServiciosTarjeta" time="11.702" errors="0" timestamp="2021-09-23T09:39:12 CEST" skipped="0">
  <testcase classname="tests.TestServiciosTarjeta" name="testServiciosTarjeta" time="11.702"/>
  <system-out/>
</testsuite> <!-- tests.TestServiciosTarjeta -->
