<?xml version="1.0" encoding="UTF-8"?>
<!-- Generated by org.testng.reporters.JUnitReportReporter -->
<testsuite hostname="P2908-W10" failures="0" tests="1" name="tests.TestSevicioAutenticacion" time="11.694" errors="0" timestamp="2021-09-21T15:55:58 CEST" skipped="0">
  <testcase classname="tests.TestSevicioAutenticacion" name="busquedaCSB" time="11.694"/>
  <system-out/>
</testsuite> <!-- tests.TestSevicioAutenticacion -->
